<?xml version="1.0" encoding="UTF-8"?>
<TestRun id="0e756a23-260f-482b-93e6-b353c9e9fe2a" name="garrison@G-WINDOWS 2013-08-25 10:14:21" runUser="G-WINDOWS\garrison" xmlns="http://microsoft.com/schemas/VisualStudio/TeamTest/2010">
  <TestSettings name="Local" id="f6851c21-966a-48c1-af06-15e67995672b">
    <Description>These are default test settings for a local test run.</Description>
    <Deployment enabled="false" runDeploymentRoot="garrison_G-WINDOWS 2013-08-25 10_14_21">
      <DeploymentItem filename="C:\Users\garrison\Documents\GitHub\CS300Project\cs_300_ampla_project\bin\Debug\cs_300_ampla_project.exe" />
    </Deployment>
    <Execution>
      <TestTypeSpecific />
      <AgentRule name="Execution Agents">
      </AgentRule>
    </Execution>
  </TestSettings>
  <Times creation="2013-08-25T10:14:21.2178498-07:00" queuing="2013-08-25T10:14:21.8272770-07:00" start="2013-08-25T10:14:21.9053770-07:00" finish="2013-08-25T10:14:22.6866554-07:00" />
  <ResultSummary outcome="Failed">
    <Counters total="9" executed="9" passed="8" error="0" failed="1" timeout="0" aborted="0" inconclusive="0" passedButRunAborted="0" notRunnable="0" notExecuted="0" disconnected="0" warning="0" completed="0" inProgress="0" pending="0" />
  </ResultSummary>
  <TestDefinitions>
    <UnitTest name="add_mine_to_mapTest" storage="c:\users\garrison\documents\github\cs300project\cs300projectviewtest\bin\debug\cs300projectviewtest.dll" id="a3d35237-8855-2cd2-2fb3-360b4dfeaba6">
      <Execution id="5d35e519-1f19-4075-a926-351e35a2f5a4" />
      <TestMethod codeBase="C:/Users/garrison/Documents/GitHub/CS300Project/CS300ProjectViewTest/bin/Debug/CS300ProjectViewTest.DLL" adapterTypeName="Microsoft.VisualStudio.TestTools.TestTypes.Unit.UnitTestAdapter, Microsoft.VisualStudio.QualityTools.Tips.UnitTest.Adapter, Version=10.0.0.0, Culture=neutral, PublicKeyToken=b03f5f7f11d50a3a" className="CS300ProjectViewTest.MapTest, CS300ProjectViewTest, Version=1.0.0.0, Culture=neutral, PublicKeyToken=null" name="add_mine_to_mapTest" />
    </UnitTest>
    <UnitTest name="Planet_state_minesTest" storage="c:\users\garrison\documents\github\cs300project\cs300projectviewtest\bin\debug\cs300projectviewtest.dll" id="7687dcac-562c-6824-d040-9262743521cf">
      <Execution id="36e58d4e-da6e-4676-95a7-f58f1bc6d6d8" />
      <TestMethod codeBase="C:/Users/garrison/Documents/GitHub/CS300Project/CS300ProjectViewTest/bin/Debug/CS300ProjectViewTest.DLL" adapterTypeName="Microsoft.VisualStudio.TestTools.TestTypes.Unit.UnitTestAdapter, Microsoft.VisualStudio.QualityTools.Tips.UnitTest.Adapter, Version=10.0.0.0, Culture=neutral, PublicKeyToken=b03f5f7f11d50a3a" className="CS300ProjectViewTest.Planet_stateTest, CS300ProjectViewTest, Version=1.0.0.0, Culture=neutral, PublicKeyToken=null" name="Planet_state_minesTest" />
    </UnitTest>
    <UnitTest name="Planet_stateConstructorTest" storage="c:\users\garrison\documents\github\cs300project\cs300projectviewtest\bin\debug\cs300projectviewtest.dll" id="38133432-b7db-ce3d-417f-dec7cc82fedc">
      <Execution id="ac22e6fc-1478-4526-9de1-8fda135dbb0b" />
      <TestMethod codeBase="C:/Users/garrison/Documents/GitHub/CS300Project/CS300ProjectViewTest/bin/Debug/CS300ProjectViewTest.DLL" adapterTypeName="Microsoft.VisualStudio.TestTools.TestTypes.Unit.UnitTestAdapter, Microsoft.VisualStudio.QualityTools.Tips.UnitTest.Adapter, Version=10.0.0.0, Culture=neutral, PublicKeyToken=b03f5f7f11d50a3a" className="CS300ProjectViewTest.Planet_stateTest, CS300ProjectViewTest, Version=1.0.0.0, Culture=neutral, PublicKeyToken=null" name="Planet_stateConstructorTest" />
    </UnitTest>
    <UnitTest name="get_set_toxicityTest" storage="c:\users\garrison\documents\github\cs300project\cs300projectviewtest\bin\debug\cs300projectviewtest.dll" id="3581dcbe-8baa-8c87-c3e4-15191cb358c5">
      <Execution id="9a9b22ae-ad80-47c8-b152-069c321f4481" />
      <TestMethod codeBase="C:/Users/garrison/Documents/GitHub/CS300Project/CS300ProjectViewTest/bin/Debug/CS300ProjectViewTest.DLL" adapterTypeName="Microsoft.VisualStudio.TestTools.TestTypes.Unit.UnitTestAdapter, Microsoft.VisualStudio.QualityTools.Tips.UnitTest.Adapter, Version=10.0.0.0, Culture=neutral, PublicKeyToken=b03f5f7f11d50a3a" className="CS300ProjectViewTest.MineTest, CS300ProjectViewTest, Version=1.0.0.0, Culture=neutral, PublicKeyToken=null" name="get_set_toxicityTest" />
    </UnitTest>
    <UnitTest name="CloneTest" storage="c:\users\garrison\documents\github\cs300project\cs300projectviewtest\bin\debug\cs300projectviewtest.dll" id="9725064f-6793-375f-1fac-9cd3a772314f">
      <Execution id="cee520a4-6eaa-4090-b3a0-4f003b8110da" />
      <TestMethod codeBase="C:/Users/garrison/Documents/GitHub/CS300Project/CS300ProjectViewTest/bin/Debug/CS300ProjectViewTest.DLL" adapterTypeName="Microsoft.VisualStudio.TestTools.TestTypes.Unit.UnitTestAdapter, Microsoft.VisualStudio.QualityTools.Tips.UnitTest.Adapter, Version=10.0.0.0, Culture=neutral, PublicKeyToken=b03f5f7f11d50a3a" className="CS300ProjectViewTest.CellTest, CS300ProjectViewTest, Version=1.0.0.0, Culture=neutral, PublicKeyToken=null" name="CloneTest" />
    </UnitTest>
    <UnitTest name="MineConstructorTest" storage="c:\users\garrison\documents\github\cs300project\cs300projectviewtest\bin\debug\cs300projectviewtest.dll" id="f157125a-b68a-d4a0-77f0-fbf3d8cadfbd">
      <Execution id="ccd6a844-afd8-4ca0-a3e3-a7f2d2e861ac" />
      <TestMethod codeBase="C:/Users/garrison/Documents/GitHub/CS300Project/CS300ProjectViewTest/bin/Debug/CS300ProjectViewTest.DLL" adapterTypeName="Microsoft.VisualStudio.TestTools.TestTypes.Unit.UnitTestAdapter, Microsoft.VisualStudio.QualityTools.Tips.UnitTest.Adapter, Version=10.0.0.0, Culture=neutral, PublicKeyToken=b03f5f7f11d50a3a" className="CS300ProjectViewTest.MineTest, CS300ProjectViewTest, Version=1.0.0.0, Culture=neutral, PublicKeyToken=null" name="MineConstructorTest" />
    </UnitTest>
    <UnitTest name="MapConstructorTest" storage="c:\users\garrison\documents\github\cs300project\cs300projectviewtest\bin\debug\cs300projectviewtest.dll" id="d7dc7fa7-adf9-d9cf-5dbe-94d03b788882">
      <Execution id="7ed4eb2b-009a-48b8-958d-2569b1e25925" />
      <TestMethod codeBase="C:/Users/garrison/Documents/GitHub/CS300Project/CS300ProjectViewTest/bin/Debug/CS300ProjectViewTest.DLL" adapterTypeName="Microsoft.VisualStudio.TestTools.TestTypes.Unit.UnitTestAdapter, Microsoft.VisualStudio.QualityTools.Tips.UnitTest.Adapter, Version=10.0.0.0, Culture=neutral, PublicKeyToken=b03f5f7f11d50a3a" className="CS300ProjectViewTest.MapTest, CS300ProjectViewTest, Version=1.0.0.0, Culture=neutral, PublicKeyToken=null" name="MapConstructorTest" />
    </UnitTest>
    <UnitTest name="Set_cell_pointTest" storage="c:\users\garrison\documents\github\cs300project\cs300projectviewtest\bin\debug\cs300projectviewtest.dll" id="19bdc42e-3a54-e41c-bd46-d9915a1fe80b">
      <Execution id="58a61c6f-eecb-4a76-8229-d2977893749e" />
      <TestMethod codeBase="C:/Users/garrison/Documents/GitHub/CS300Project/CS300ProjectViewTest/bin/Debug/CS300ProjectViewTest.DLL" adapterTypeName="Microsoft.VisualStudio.TestTools.TestTypes.Unit.UnitTestAdapter, Microsoft.VisualStudio.QualityTools.Tips.UnitTest.Adapter, Version=10.0.0.0, Culture=neutral, PublicKeyToken=b03f5f7f11d50a3a" className="CS300ProjectViewTest.CellTest, CS300ProjectViewTest, Version=1.0.0.0, Culture=neutral, PublicKeyToken=null" name="Set_cell_pointTest" />
    </UnitTest>
    <UnitTest name="CellConstructorTest" storage="c:\users\garrison\documents\github\cs300project\cs300projectviewtest\bin\debug\cs300projectviewtest.dll" id="fc25ed40-d4ee-570c-ca39-a0a08e9d1571">
      <Execution id="435b508f-ea63-4958-8d3e-4d4f634d78c0" />
      <TestMethod codeBase="C:/Users/garrison/Documents/GitHub/CS300Project/CS300ProjectViewTest/bin/Debug/CS300ProjectViewTest.DLL" adapterTypeName="Microsoft.VisualStudio.TestTools.TestTypes.Unit.UnitTestAdapter, Microsoft.VisualStudio.QualityTools.Tips.UnitTest.Adapter, Version=10.0.0.0, Culture=neutral, PublicKeyToken=b03f5f7f11d50a3a" className="CS300ProjectViewTest.CellTest, CS300ProjectViewTest, Version=1.0.0.0, Culture=neutral, PublicKeyToken=null" name="CellConstructorTest" />
    </UnitTest>
  </TestDefinitions>
  <TestLists>
    <TestList name="Results Not in a List" id="8c84fa94-04c1-424b-9868-57a2d4851a1d" />
    <TestList name="All Loaded Results" id="19431567-8539-422a-85d7-44ee4e166bda" />
  </TestLists>
  <TestEntries>
    <TestEntry testId="19bdc42e-3a54-e41c-bd46-d9915a1fe80b" executionId="58a61c6f-eecb-4a76-8229-d2977893749e" testListId="8c84fa94-04c1-424b-9868-57a2d4851a1d" />
    <TestEntry testId="3581dcbe-8baa-8c87-c3e4-15191cb358c5" executionId="9a9b22ae-ad80-47c8-b152-069c321f4481" testListId="8c84fa94-04c1-424b-9868-57a2d4851a1d" />
    <TestEntry testId="38133432-b7db-ce3d-417f-dec7cc82fedc" executionId="ac22e6fc-1478-4526-9de1-8fda135dbb0b" testListId="8c84fa94-04c1-424b-9868-57a2d4851a1d" />
    <TestEntry testId="7687dcac-562c-6824-d040-9262743521cf" executionId="36e58d4e-da6e-4676-95a7-f58f1bc6d6d8" testListId="8c84fa94-04c1-424b-9868-57a2d4851a1d" />
    <TestEntry testId="9725064f-6793-375f-1fac-9cd3a772314f" executionId="cee520a4-6eaa-4090-b3a0-4f003b8110da" testListId="8c84fa94-04c1-424b-9868-57a2d4851a1d" />
    <TestEntry testId="a3d35237-8855-2cd2-2fb3-360b4dfeaba6" executionId="5d35e519-1f19-4075-a926-351e35a2f5a4" testListId="8c84fa94-04c1-424b-9868-57a2d4851a1d" />
    <TestEntry testId="d7dc7fa7-adf9-d9cf-5dbe-94d03b788882" executionId="7ed4eb2b-009a-48b8-958d-2569b1e25925" testListId="8c84fa94-04c1-424b-9868-57a2d4851a1d" />
    <TestEntry testId="f157125a-b68a-d4a0-77f0-fbf3d8cadfbd" executionId="ccd6a844-afd8-4ca0-a3e3-a7f2d2e861ac" testListId="8c84fa94-04c1-424b-9868-57a2d4851a1d" />
    <TestEntry testId="fc25ed40-d4ee-570c-ca39-a0a08e9d1571" executionId="435b508f-ea63-4958-8d3e-4d4f634d78c0" testListId="8c84fa94-04c1-424b-9868-57a2d4851a1d" />
  </TestEntries>
  <Results>
    <UnitTestResult executionId="58a61c6f-eecb-4a76-8229-d2977893749e" testId="19bdc42e-3a54-e41c-bd46-d9915a1fe80b" testName="Set_cell_pointTest" computerName="G-WINDOWS" duration="00:00:00.0124073" startTime="2013-08-25T10:14:21.9835001-07:00" endTime="2013-08-25T10:14:22.3272622-07:00" testType="13cdc9d9-ddb5-4fa4-a97d-d965ccfc6d4b" outcome="Passed" testListId="8c84fa94-04c1-424b-9868-57a2d4851a1d" relativeResultsDirectory="58a61c6f-eecb-4a76-8229-d2977893749e">
    </UnitTestResult>
    <UnitTestResult executionId="9a9b22ae-ad80-47c8-b152-069c321f4481" testId="3581dcbe-8baa-8c87-c3e4-15191cb358c5" testName="get_set_toxicityTest" computerName="G-WINDOWS" duration="00:00:00.0014477" startTime="2013-08-25T10:14:22.3428885-07:00" endTime="2013-08-25T10:14:22.3428885-07:00" testType="13cdc9d9-ddb5-4fa4-a97d-d965ccfc6d4b" outcome="Passed" testListId="8c84fa94-04c1-424b-9868-57a2d4851a1d" relativeResultsDirectory="9a9b22ae-ad80-47c8-b152-069c321f4481">
    </UnitTestResult>
    <UnitTestResult executionId="ac22e6fc-1478-4526-9de1-8fda135dbb0b" testId="38133432-b7db-ce3d-417f-dec7cc82fedc" testName="Planet_stateConstructorTest" computerName="G-WINDOWS" duration="00:00:00.0016593" startTime="2013-08-25T10:14:22.3428885-07:00" endTime="2013-08-25T10:14:22.3428885-07:00" testType="13cdc9d9-ddb5-4fa4-a97d-d965ccfc6d4b" outcome="Passed" testListId="8c84fa94-04c1-424b-9868-57a2d4851a1d" relativeResultsDirectory="ac22e6fc-1478-4526-9de1-8fda135dbb0b">
    </UnitTestResult>
    <UnitTestResult executionId="36e58d4e-da6e-4676-95a7-f58f1bc6d6d8" testId="7687dcac-562c-6824-d040-9262743521cf" testName="Planet_state_minesTest" computerName="G-WINDOWS" duration="00:00:00.0448265" startTime="2013-08-25T10:14:22.3585136-07:00" endTime="2013-08-25T10:14:22.4053910-07:00" testType="13cdc9d9-ddb5-4fa4-a97d-d965ccfc6d4b" outcome="Passed" testListId="8c84fa94-04c1-424b-9868-57a2d4851a1d" relativeResultsDirectory="36e58d4e-da6e-4676-95a7-f58f1bc6d6d8">
    </UnitTestResult>
    <UnitTestResult executionId="cee520a4-6eaa-4090-b3a0-4f003b8110da" testId="9725064f-6793-375f-1fac-9cd3a772314f" testName="CloneTest" computerName="G-WINDOWS" duration="00:00:00.1626073" startTime="2013-08-25T10:14:22.4053910-07:00" endTime="2013-08-25T10:14:22.5772751-07:00" testType="13cdc9d9-ddb5-4fa4-a97d-d965ccfc6d4b" outcome="Failed" testListId="8c84fa94-04c1-424b-9868-57a2d4851a1d" relativeResultsDirectory="cee520a4-6eaa-4090-b3a0-4f003b8110da">
      <Output>
        <ErrorInfo>
          <Message>Assert.AreEqual failed. Expected:&lt;WindowsApplication1.Cell&gt;. Actual:&lt;WindowsApplication1.Cell&gt;. </Message>
          <StackTrace>   at CS300ProjectViewTest.CellTest.CloneTest() in C:\Users\garrison\Documents\GitHub\CS300Project\CS300ProjectViewTest\CellTest.vb:line 78
</StackTrace>
        </ErrorInfo>
      </Output>
    </UnitTestResult>
    <UnitTestResult executionId="5d35e519-1f19-4075-a926-351e35a2f5a4" testId="a3d35237-8855-2cd2-2fb3-360b4dfeaba6" testName="add_mine_to_mapTest" computerName="G-WINDOWS" duration="00:00:00.0059991" startTime="2013-08-25T10:14:22.5929143-07:00" endTime="2013-08-25T10:14:22.6085247-07:00" testType="13cdc9d9-ddb5-4fa4-a97d-d965ccfc6d4b" outcome="Passed" testListId="8c84fa94-04c1-424b-9868-57a2d4851a1d" relativeResultsDirectory="5d35e519-1f19-4075-a926-351e35a2f5a4">
    </UnitTestResult>
    <UnitTestResult executionId="7ed4eb2b-009a-48b8-958d-2569b1e25925" testId="d7dc7fa7-adf9-d9cf-5dbe-94d03b788882" testName="MapConstructorTest" computerName="G-WINDOWS" duration="00:00:00.0002602" startTime="2013-08-25T10:14:22.6085247-07:00" endTime="2013-08-25T10:14:22.6241498-07:00" testType="13cdc9d9-ddb5-4fa4-a97d-d965ccfc6d4b" outcome="Passed" testListId="8c84fa94-04c1-424b-9868-57a2d4851a1d" relativeResultsDirectory="7ed4eb2b-009a-48b8-958d-2569b1e25925">
    </UnitTestResult>
    <UnitTestResult executionId="ccd6a844-afd8-4ca0-a3e3-a7f2d2e861ac" testId="f157125a-b68a-d4a0-77f0-fbf3d8cadfbd" testName="MineConstructorTest" computerName="G-WINDOWS" duration="00:00:00.0002104" startTime="2013-08-25T10:14:22.6241498-07:00" endTime="2013-08-25T10:14:22.6241498-07:00" testType="13cdc9d9-ddb5-4fa4-a97d-d965ccfc6d4b" outcome="Passed" testListId="8c84fa94-04c1-424b-9868-57a2d4851a1d" relativeResultsDirectory="ccd6a844-afd8-4ca0-a3e3-a7f2d2e861ac">
    </UnitTestResult>
    <UnitTestResult executionId="435b508f-ea63-4958-8d3e-4d4f634d78c0" testId="fc25ed40-d4ee-570c-ca39-a0a08e9d1571" testName="CellConstructorTest" computerName="G-WINDOWS" duration="00:00:00.0002172" startTime="2013-08-25T10:14:22.6241498-07:00" endTime="2013-08-25T10:14:22.6397739-07:00" testType="13cdc9d9-ddb5-4fa4-a97d-d965ccfc6d4b" outcome="Passed" testListId="8c84fa94-04c1-424b-9868-57a2d4851a1d" relativeResultsDirectory="435b508f-ea63-4958-8d3e-4d4f634d78c0">
    </UnitTestResult>
  </Results>
</TestRun>