<?xml version="1.0" encoding="UTF-8"?>
<TestRun id="aa1af541-d9fb-43c3-93f0-3fd8ee649465" name="garrison@G-WINDOWS 2013-08-22 20:33:13" runUser="G-WINDOWS\garrison" xmlns="http://microsoft.com/schemas/VisualStudio/TeamTest/2010">
  <TestSettings name="Local" id="f6851c21-966a-48c1-af06-15e67995672b">
    <Description>These are default test settings for a local test run.</Description>
    <Deployment userDeploymentRoot="C:\Users\garrison\Documents\GitHub\CS300Project\TestResults" useDefaultDeploymentRoot="false" enabled="false" runDeploymentRoot="garrison_G-WINDOWS 2013-08-22 20_33_13">
      <DeploymentItem filename="C:\Users\garrison\Documents\GitHub\CS300Project\cs_300_ampla_project\bin\Debug\cs_300_ampla_project.exe" />
    </Deployment>
    <Execution>
      <TestTypeSpecific />
      <AgentRule name="Execution Agents">
      </AgentRule>
    </Execution>
  </TestSettings>
  <Times creation="2013-08-22T20:33:13.2211262-07:00" queuing="2013-08-22T20:33:14.4399189-07:00" start="2013-08-22T20:33:14.5336714-07:00" finish="2013-08-22T20:33:29.3310640-07:00" />
  <ResultSummary outcome="Error">
    <Counters total="1" executed="1" error="0" failed="0" timeout="0" aborted="1" inconclusive="0" passedButRunAborted="0" notRunnable="0" notExecuted="0" disconnected="0" warning="0" passed="0" completed="0" inProgress="0" pending="0" />
    <RunInfos>
      <RunInfo computerName="G-WINDOWS" outcome="Error" timestamp="2013-08-22T20:33:29.3310640-07:00">
        <Text>Test host process exited unexpectedly.</Text>
      </RunInfo>
    </RunInfos>
  </ResultSummary>
  <TestDefinitions>
    <UnitTest name="add_mine_to_mapTest" storage="c:\users\garrison\documents\github\cs300project\cs300projectviewtest\bin\debug\cs300projectviewtest.dll" id="a3d35237-8855-2cd2-2fb3-360b4dfeaba6">
      <Execution id="cd4164fe-8d27-4c2e-8c27-cc5d969032bf" />
      <TestMethod codeBase="C:/Users/garrison/Documents/GitHub/CS300Project/CS300ProjectViewTest/bin/Debug/CS300ProjectViewTest.DLL" adapterTypeName="Microsoft.VisualStudio.TestTools.TestTypes.Unit.UnitTestAdapter, Microsoft.VisualStudio.QualityTools.Tips.UnitTest.Adapter, Version=10.0.0.0, Culture=neutral, PublicKeyToken=b03f5f7f11d50a3a" className="CS300ProjectViewTest.MapTest, CS300ProjectViewTest, Version=1.0.0.0, Culture=neutral, PublicKeyToken=null" name="add_mine_to_mapTest" />
    </UnitTest>
  </TestDefinitions>
  <TestLists>
    <TestList name="Results Not in a List" id="8c84fa94-04c1-424b-9868-57a2d4851a1d" />
    <TestList name="All Loaded Results" id="19431567-8539-422a-85d7-44ee4e166bda" />
  </TestLists>
  <TestEntries>
    <TestEntry testId="a3d35237-8855-2cd2-2fb3-360b4dfeaba6" executionId="cd4164fe-8d27-4c2e-8c27-cc5d969032bf" testListId="8c84fa94-04c1-424b-9868-57a2d4851a1d" />
  </TestEntries>
  <Results>
    <UnitTestResult executionId="cd4164fe-8d27-4c2e-8c27-cc5d969032bf" testId="a3d35237-8855-2cd2-2fb3-360b4dfeaba6" testName="add_mine_to_mapTest" computerName="G-WINDOWS" duration="00:00:14.7036405" startTime="2013-08-22T20:33:14.6274235-07:00" endTime="2013-08-22T20:33:29.3310640-07:00" testType="13cdc9d9-ddb5-4fa4-a97d-d965ccfc6d4b" outcome="Aborted" testListId="8c84fa94-04c1-424b-9868-57a2d4851a1d" relativeResultsDirectory="cd4164fe-8d27-4c2e-8c27-cc5d969032bf">
    </UnitTestResult>
  </Results>
</TestRun>