<?xml version="1.0" encoding="UTF-8"?>
<TestRun id="c89e035a-8889-4308-b457-47f6246c6930" name="garrison@G-WINDOWS 2013-08-22 20:31:06" runUser="G-WINDOWS\garrison" xmlns="http://microsoft.com/schemas/VisualStudio/TeamTest/2010">
  <TestSettings name="Local" id="f6851c21-966a-48c1-af06-15e67995672b">
    <Description>These are default test settings for a local test run.</Description>
    <Deployment userDeploymentRoot="C:\Users\garrison\Documents\GitHub\CS300Project\TestResults" useDefaultDeploymentRoot="false" enabled="false" runDeploymentRoot="garrison_G-WINDOWS 2013-08-22 20_31_06">
      <DeploymentItem filename="C:\Users\garrison\Documents\GitHub\CS300Project\cs_300_ampla_project\bin\Debug\cs_300_ampla_project.exe" />
    </Deployment>
    <Execution>
      <TestTypeSpecific />
      <AgentRule name="Execution Agents">
      </AgentRule>
    </Execution>
  </TestSettings>
  <Times creation="2013-08-22T20:31:06.3393236-07:00" queuing="2013-08-22T20:31:07.6831195-07:00" start="2013-08-22T20:31:07.7768702-07:00" finish="2013-08-22T20:32:04.1022017-07:00" />
  <ResultSummary outcome="Error">
    <Counters total="6" executed="6" passed="5" error="0" failed="0" timeout="0" aborted="1" inconclusive="0" passedButRunAborted="0" notRunnable="0" notExecuted="0" disconnected="0" warning="0" completed="0" inProgress="0" pending="0" />
    <RunInfos>
      <RunInfo computerName="G-WINDOWS" outcome="Error" timestamp="2013-08-22T20:32:04.0865761-07:00">
        <Text>Test host process exited unexpectedly.</Text>
      </RunInfo>
    </RunInfos>
  </ResultSummary>
  <TestDefinitions>
    <UnitTest name="CellConstructorTest" storage="c:\users\garrison\documents\github\cs300project\cs300projectviewtest\bin\debug\cs300projectviewtest.dll" id="fc25ed40-d4ee-570c-ca39-a0a08e9d1571">
      <Execution id="401f4f9d-2a1c-4482-880a-3deaec3308d4" />
      <TestMethod codeBase="C:/Users/garrison/Documents/GitHub/CS300Project/CS300ProjectViewTest/bin/Debug/CS300ProjectViewTest.DLL" adapterTypeName="Microsoft.VisualStudio.TestTools.TestTypes.Unit.UnitTestAdapter, Microsoft.VisualStudio.QualityTools.Tips.UnitTest.Adapter, Version=10.0.0.0, Culture=neutral, PublicKeyToken=b03f5f7f11d50a3a" className="CS300ProjectViewTest.CellTest, CS300ProjectViewTest, Version=1.0.0.0, Culture=neutral, PublicKeyToken=null" name="CellConstructorTest" />
    </UnitTest>
    <UnitTest name="add_mine_to_mapTest" storage="c:\users\garrison\documents\github\cs300project\cs300projectviewtest\bin\debug\cs300projectviewtest.dll" id="a3d35237-8855-2cd2-2fb3-360b4dfeaba6">
      <Execution id="8970f796-3d16-4888-b143-342c922835ab" />
      <TestMethod codeBase="C:/Users/garrison/Documents/GitHub/CS300Project/CS300ProjectViewTest/bin/Debug/CS300ProjectViewTest.DLL" adapterTypeName="Microsoft.VisualStudio.TestTools.TestTypes.Unit.UnitTestAdapter, Microsoft.VisualStudio.QualityTools.Tips.UnitTest.Adapter, Version=10.0.0.0, Culture=neutral, PublicKeyToken=b03f5f7f11d50a3a" className="CS300ProjectViewTest.MapTest, CS300ProjectViewTest, Version=1.0.0.0, Culture=neutral, PublicKeyToken=null" name="add_mine_to_mapTest" />
    </UnitTest>
    <UnitTest name="Planet_state_minesTest" storage="c:\users\garrison\documents\github\cs300project\cs300projectviewtest\bin\debug\cs300projectviewtest.dll" id="7687dcac-562c-6824-d040-9262743521cf">
      <Execution id="b12330a7-36c2-4630-9441-396289120fda" />
      <TestMethod codeBase="C:/Users/garrison/Documents/GitHub/CS300Project/CS300ProjectViewTest/bin/Debug/CS300ProjectViewTest.DLL" adapterTypeName="Microsoft.VisualStudio.TestTools.TestTypes.Unit.UnitTestAdapter, Microsoft.VisualStudio.QualityTools.Tips.UnitTest.Adapter, Version=10.0.0.0, Culture=neutral, PublicKeyToken=b03f5f7f11d50a3a" className="CS300ProjectViewTest.Planet_stateTest, CS300ProjectViewTest, Version=1.0.0.0, Culture=neutral, PublicKeyToken=null" name="Planet_state_minesTest" />
    </UnitTest>
    <UnitTest name="CloneTest" storage="c:\users\garrison\documents\github\cs300project\cs300projectviewtest\bin\debug\cs300projectviewtest.dll" id="9725064f-6793-375f-1fac-9cd3a772314f">
      <Execution id="978823d4-0692-4fa4-9cc4-2fcfcf37d22e" />
      <TestMethod codeBase="C:/Users/garrison/Documents/GitHub/CS300Project/CS300ProjectViewTest/bin/Debug/CS300ProjectViewTest.DLL" adapterTypeName="Microsoft.VisualStudio.TestTools.TestTypes.Unit.UnitTestAdapter, Microsoft.VisualStudio.QualityTools.Tips.UnitTest.Adapter, Version=10.0.0.0, Culture=neutral, PublicKeyToken=b03f5f7f11d50a3a" className="CS300ProjectViewTest.CellTest, CS300ProjectViewTest, Version=1.0.0.0, Culture=neutral, PublicKeyToken=null" name="CloneTest" />
    </UnitTest>
    <UnitTest name="MineConstructorTest" storage="c:\users\garrison\documents\github\cs300project\cs300projectviewtest\bin\debug\cs300projectviewtest.dll" id="f157125a-b68a-d4a0-77f0-fbf3d8cadfbd">
      <Execution id="a81d1e51-6265-497b-aa54-3246a83be545" />
      <TestMethod codeBase="C:/Users/garrison/Documents/GitHub/CS300Project/CS300ProjectViewTest/bin/Debug/CS300ProjectViewTest.DLL" adapterTypeName="Microsoft.VisualStudio.TestTools.TestTypes.Unit.UnitTestAdapter, Microsoft.VisualStudio.QualityTools.Tips.UnitTest.Adapter, Version=10.0.0.0, Culture=neutral, PublicKeyToken=b03f5f7f11d50a3a" className="CS300ProjectViewTest.MineTest, CS300ProjectViewTest, Version=1.0.0.0, Culture=neutral, PublicKeyToken=null" name="MineConstructorTest" />
    </UnitTest>
    <UnitTest name="MapConstructorTest" storage="c:\users\garrison\documents\github\cs300project\cs300projectviewtest\bin\debug\cs300projectviewtest.dll" id="d7dc7fa7-adf9-d9cf-5dbe-94d03b788882">
      <Execution id="fbe0f4ed-6c9a-47c5-b320-0a24f9db5fa9" />
      <TestMethod codeBase="C:/Users/garrison/Documents/GitHub/CS300Project/CS300ProjectViewTest/bin/Debug/CS300ProjectViewTest.DLL" adapterTypeName="Microsoft.VisualStudio.TestTools.TestTypes.Unit.UnitTestAdapter, Microsoft.VisualStudio.QualityTools.Tips.UnitTest.Adapter, Version=10.0.0.0, Culture=neutral, PublicKeyToken=b03f5f7f11d50a3a" className="CS300ProjectViewTest.MapTest, CS300ProjectViewTest, Version=1.0.0.0, Culture=neutral, PublicKeyToken=null" name="MapConstructorTest" />
    </UnitTest>
  </TestDefinitions>
  <TestLists>
    <TestList name="Results Not in a List" id="8c84fa94-04c1-424b-9868-57a2d4851a1d" />
    <TestList name="All Loaded Results" id="19431567-8539-422a-85d7-44ee4e166bda" />
  </TestLists>
  <TestEntries>
    <TestEntry testId="f157125a-b68a-d4a0-77f0-fbf3d8cadfbd" executionId="a81d1e51-6265-497b-aa54-3246a83be545" testListId="8c84fa94-04c1-424b-9868-57a2d4851a1d" />
    <TestEntry testId="9725064f-6793-375f-1fac-9cd3a772314f" executionId="978823d4-0692-4fa4-9cc4-2fcfcf37d22e" testListId="8c84fa94-04c1-424b-9868-57a2d4851a1d" />
    <TestEntry testId="7687dcac-562c-6824-d040-9262743521cf" executionId="b12330a7-36c2-4630-9441-396289120fda" testListId="8c84fa94-04c1-424b-9868-57a2d4851a1d" />
    <TestEntry testId="fc25ed40-d4ee-570c-ca39-a0a08e9d1571" executionId="401f4f9d-2a1c-4482-880a-3deaec3308d4" testListId="8c84fa94-04c1-424b-9868-57a2d4851a1d" />
    <TestEntry testId="d7dc7fa7-adf9-d9cf-5dbe-94d03b788882" executionId="fbe0f4ed-6c9a-47c5-b320-0a24f9db5fa9" testListId="8c84fa94-04c1-424b-9868-57a2d4851a1d" />
    <TestEntry testId="a3d35237-8855-2cd2-2fb3-360b4dfeaba6" executionId="8970f796-3d16-4888-b143-342c922835ab" testListId="8c84fa94-04c1-424b-9868-57a2d4851a1d" />
  </TestEntries>
  <Results>
    <UnitTestResult executionId="a81d1e51-6265-497b-aa54-3246a83be545" testId="f157125a-b68a-d4a0-77f0-fbf3d8cadfbd" testName="MineConstructorTest" computerName="G-WINDOWS" duration="00:00:00.0223019" startTime="2013-08-22T20:31:07.8549979-07:00" endTime="2013-08-22T20:31:08.3393895-07:00" testType="13cdc9d9-ddb5-4fa4-a97d-d965ccfc6d4b" outcome="Passed" testListId="8c84fa94-04c1-424b-9868-57a2d4851a1d" relativeResultsDirectory="a81d1e51-6265-497b-aa54-3246a83be545">
    </UnitTestResult>
    <UnitTestResult executionId="978823d4-0692-4fa4-9cc4-2fcfcf37d22e" testId="9725064f-6793-375f-1fac-9cd3a772314f" testName="CloneTest" computerName="G-WINDOWS" duration="00:00:00.0040392" startTime="2013-08-22T20:31:08.3550158-07:00" endTime="2013-08-22T20:31:08.3638207-07:00" testType="13cdc9d9-ddb5-4fa4-a97d-d965ccfc6d4b" outcome="Passed" testListId="8c84fa94-04c1-424b-9868-57a2d4851a1d" relativeResultsDirectory="978823d4-0692-4fa4-9cc4-2fcfcf37d22e">
    </UnitTestResult>
    <UnitTestResult executionId="b12330a7-36c2-4630-9441-396289120fda" testId="7687dcac-562c-6824-d040-9262743521cf" testName="Planet_state_minesTest" computerName="G-WINDOWS" duration="00:00:00.0656400" startTime="2013-08-22T20:31:08.3638207-07:00" endTime="2013-08-22T20:31:08.4419507-07:00" testType="13cdc9d9-ddb5-4fa4-a97d-d965ccfc6d4b" outcome="Passed" testListId="8c84fa94-04c1-424b-9868-57a2d4851a1d" relativeResultsDirectory="b12330a7-36c2-4630-9441-396289120fda">
    </UnitTestResult>
    <UnitTestResult executionId="401f4f9d-2a1c-4482-880a-3deaec3308d4" testId="fc25ed40-d4ee-570c-ca39-a0a08e9d1571" testName="CellConstructorTest" computerName="G-WINDOWS" duration="00:00:00.0001651" startTime="2013-08-22T20:31:08.4419507-07:00" endTime="2013-08-22T20:31:08.4419507-07:00" testType="13cdc9d9-ddb5-4fa4-a97d-d965ccfc6d4b" outcome="Passed" testListId="8c84fa94-04c1-424b-9868-57a2d4851a1d" relativeResultsDirectory="401f4f9d-2a1c-4482-880a-3deaec3308d4">
    </UnitTestResult>
    <UnitTestResult executionId="fbe0f4ed-6c9a-47c5-b320-0a24f9db5fa9" testId="d7dc7fa7-adf9-d9cf-5dbe-94d03b788882" testName="MapConstructorTest" computerName="G-WINDOWS" duration="00:00:00.0003218" startTime="2013-08-22T20:31:08.4575759-07:00" endTime="2013-08-22T20:31:08.4575759-07:00" testType="13cdc9d9-ddb5-4fa4-a97d-d965ccfc6d4b" outcome="Passed" testListId="8c84fa94-04c1-424b-9868-57a2d4851a1d" relativeResultsDirectory="fbe0f4ed-6c9a-47c5-b320-0a24f9db5fa9">
    </UnitTestResult>
    <UnitTestResult executionId="8970f796-3d16-4888-b143-342c922835ab" testId="a3d35237-8855-2cd2-2fb3-360b4dfeaba6" testName="add_mine_to_mapTest" computerName="G-WINDOWS" duration="00:00:55.6446258" startTime="2013-08-22T20:31:08.4575759-07:00" endTime="2013-08-22T20:32:04.1022017-07:00" testType="13cdc9d9-ddb5-4fa4-a97d-d965ccfc6d4b" outcome="Aborted" testListId="8c84fa94-04c1-424b-9868-57a2d4851a1d" relativeResultsDirectory="8970f796-3d16-4888-b143-342c922835ab">
    </UnitTestResult>
  </Results>
</TestRun>