<?xml version="1.0" encoding="UTF-8"?>
<TestRun id="5c81bcd7-f4e8-40f2-9859-46e6694e44c6" name="garrison@G-WINDOWS 2013-08-25 10:26:45" runUser="G-WINDOWS\garrison" xmlns="http://microsoft.com/schemas/VisualStudio/TeamTest/2010">
  <TestSettings name="Local" id="f6851c21-966a-48c1-af06-15e67995672b">
    <Description>These are default test settings for a local test run.</Description>
    <Deployment enabled="false" runDeploymentRoot="garrison_G-WINDOWS 2013-08-25 10_26_45">
      <DeploymentItem filename="C:\Users\garrison\Documents\GitHub\CS300Project\cs_300_ampla_project\bin\Debug\cs_300_ampla_project.exe" />
    </Deployment>
    <Execution>
      <TestTypeSpecific />
      <AgentRule name="Execution Agents">
      </AgentRule>
    </Execution>
  </TestSettings>
  <Times creation="2013-08-25T10:26:45.6810280-07:00" queuing="2013-08-25T10:26:46.5248075-07:00" start="2013-08-25T10:26:46.5560583-07:00" finish="2013-08-25T10:26:48.5717542-07:00" />
  <ResultSummary outcome="Completed">
    <Counters total="9" executed="9" passed="9" error="0" failed="0" timeout="0" aborted="0" inconclusive="0" passedButRunAborted="0" notRunnable="0" notExecuted="0" disconnected="0" warning="0" completed="0" inProgress="0" pending="0" />
  </ResultSummary>
  <TestDefinitions>
    <UnitTest name="add_mine_to_mapTest" storage="c:\users\garrison\documents\github\cs300project\cs300projectviewtest\bin\debug\cs300projectviewtest.dll" id="a3d35237-8855-2cd2-2fb3-360b4dfeaba6">
      <Execution id="8c111def-e94c-4985-be8e-b37bf4e06b8b" />
      <TestMethod codeBase="C:/Users/garrison/Documents/GitHub/CS300Project/CS300ProjectViewTest/bin/Debug/CS300ProjectViewTest.DLL" adapterTypeName="Microsoft.VisualStudio.TestTools.TestTypes.Unit.UnitTestAdapter, Microsoft.VisualStudio.QualityTools.Tips.UnitTest.Adapter, Version=10.0.0.0, Culture=neutral, PublicKeyToken=b03f5f7f11d50a3a" className="CS300ProjectViewTest.MapTest, CS300ProjectViewTest, Version=1.0.0.0, Culture=neutral, PublicKeyToken=null" name="add_mine_to_mapTest" />
    </UnitTest>
    <UnitTest name="Planet_state_minesTest" storage="c:\users\garrison\documents\github\cs300project\cs300projectviewtest\bin\debug\cs300projectviewtest.dll" id="7687dcac-562c-6824-d040-9262743521cf">
      <Execution id="c48af865-fe51-4982-bd3b-99be6b1ad123" />
      <TestMethod codeBase="C:/Users/garrison/Documents/GitHub/CS300Project/CS300ProjectViewTest/bin/Debug/CS300ProjectViewTest.DLL" adapterTypeName="Microsoft.VisualStudio.TestTools.TestTypes.Unit.UnitTestAdapter, Microsoft.VisualStudio.QualityTools.Tips.UnitTest.Adapter, Version=10.0.0.0, Culture=neutral, PublicKeyToken=b03f5f7f11d50a3a" className="CS300ProjectViewTest.Planet_stateTest, CS300ProjectViewTest, Version=1.0.0.0, Culture=neutral, PublicKeyToken=null" name="Planet_state_minesTest" />
    </UnitTest>
    <UnitTest name="Planet_stateConstructorTest" storage="c:\users\garrison\documents\github\cs300project\cs300projectviewtest\bin\debug\cs300projectviewtest.dll" id="38133432-b7db-ce3d-417f-dec7cc82fedc">
      <Execution id="6de770c9-0b24-48ec-9b4e-1f49a644eaa0" />
      <TestMethod codeBase="C:/Users/garrison/Documents/GitHub/CS300Project/CS300ProjectViewTest/bin/Debug/CS300ProjectViewTest.DLL" adapterTypeName="Microsoft.VisualStudio.TestTools.TestTypes.Unit.UnitTestAdapter, Microsoft.VisualStudio.QualityTools.Tips.UnitTest.Adapter, Version=10.0.0.0, Culture=neutral, PublicKeyToken=b03f5f7f11d50a3a" className="CS300ProjectViewTest.Planet_stateTest, CS300ProjectViewTest, Version=1.0.0.0, Culture=neutral, PublicKeyToken=null" name="Planet_stateConstructorTest" />
    </UnitTest>
    <UnitTest name="get_set_toxicityTest" storage="c:\users\garrison\documents\github\cs300project\cs300projectviewtest\bin\debug\cs300projectviewtest.dll" id="3581dcbe-8baa-8c87-c3e4-15191cb358c5">
      <Execution id="6781192c-ae89-4907-803a-c89791868364" />
      <TestMethod codeBase="C:/Users/garrison/Documents/GitHub/CS300Project/CS300ProjectViewTest/bin/Debug/CS300ProjectViewTest.DLL" adapterTypeName="Microsoft.VisualStudio.TestTools.TestTypes.Unit.UnitTestAdapter, Microsoft.VisualStudio.QualityTools.Tips.UnitTest.Adapter, Version=10.0.0.0, Culture=neutral, PublicKeyToken=b03f5f7f11d50a3a" className="CS300ProjectViewTest.MineTest, CS300ProjectViewTest, Version=1.0.0.0, Culture=neutral, PublicKeyToken=null" name="get_set_toxicityTest" />
    </UnitTest>
    <UnitTest name="CloneTest" storage="c:\users\garrison\documents\github\cs300project\cs300projectviewtest\bin\debug\cs300projectviewtest.dll" id="9725064f-6793-375f-1fac-9cd3a772314f">
      <Execution id="28814a48-9676-4024-9b2e-0b48cd094e63" />
      <TestMethod codeBase="C:/Users/garrison/Documents/GitHub/CS300Project/CS300ProjectViewTest/bin/Debug/CS300ProjectViewTest.DLL" adapterTypeName="Microsoft.VisualStudio.TestTools.TestTypes.Unit.UnitTestAdapter, Microsoft.VisualStudio.QualityTools.Tips.UnitTest.Adapter, Version=10.0.0.0, Culture=neutral, PublicKeyToken=b03f5f7f11d50a3a" className="CS300ProjectViewTest.CellTest, CS300ProjectViewTest, Version=1.0.0.0, Culture=neutral, PublicKeyToken=null" name="CloneTest" />
    </UnitTest>
    <UnitTest name="MineConstructorTest" storage="c:\users\garrison\documents\github\cs300project\cs300projectviewtest\bin\debug\cs300projectviewtest.dll" id="f157125a-b68a-d4a0-77f0-fbf3d8cadfbd">
      <Execution id="2bc93f7b-f23a-49a3-94fa-e1c5be927beb" />
      <TestMethod codeBase="C:/Users/garrison/Documents/GitHub/CS300Project/CS300ProjectViewTest/bin/Debug/CS300ProjectViewTest.DLL" adapterTypeName="Microsoft.VisualStudio.TestTools.TestTypes.Unit.UnitTestAdapter, Microsoft.VisualStudio.QualityTools.Tips.UnitTest.Adapter, Version=10.0.0.0, Culture=neutral, PublicKeyToken=b03f5f7f11d50a3a" className="CS300ProjectViewTest.MineTest, CS300ProjectViewTest, Version=1.0.0.0, Culture=neutral, PublicKeyToken=null" name="MineConstructorTest" />
    </UnitTest>
    <UnitTest name="MapConstructorTest" storage="c:\users\garrison\documents\github\cs300project\cs300projectviewtest\bin\debug\cs300projectviewtest.dll" id="d7dc7fa7-adf9-d9cf-5dbe-94d03b788882">
      <Execution id="36d8c392-0753-4cb0-9f18-7a19fc5d01f4" />
      <TestMethod codeBase="C:/Users/garrison/Documents/GitHub/CS300Project/CS300ProjectViewTest/bin/Debug/CS300ProjectViewTest.DLL" adapterTypeName="Microsoft.VisualStudio.TestTools.TestTypes.Unit.UnitTestAdapter, Microsoft.VisualStudio.QualityTools.Tips.UnitTest.Adapter, Version=10.0.0.0, Culture=neutral, PublicKeyToken=b03f5f7f11d50a3a" className="CS300ProjectViewTest.MapTest, CS300ProjectViewTest, Version=1.0.0.0, Culture=neutral, PublicKeyToken=null" name="MapConstructorTest" />
    </UnitTest>
    <UnitTest name="Set_cell_pointTest" storage="c:\users\garrison\documents\github\cs300project\cs300projectviewtest\bin\debug\cs300projectviewtest.dll" id="19bdc42e-3a54-e41c-bd46-d9915a1fe80b">
      <Execution id="164e1f1c-760e-4dbb-8555-5143170d5888" />
      <TestMethod codeBase="C:/Users/garrison/Documents/GitHub/CS300Project/CS300ProjectViewTest/bin/Debug/CS300ProjectViewTest.DLL" adapterTypeName="Microsoft.VisualStudio.TestTools.TestTypes.Unit.UnitTestAdapter, Microsoft.VisualStudio.QualityTools.Tips.UnitTest.Adapter, Version=10.0.0.0, Culture=neutral, PublicKeyToken=b03f5f7f11d50a3a" className="CS300ProjectViewTest.CellTest, CS300ProjectViewTest, Version=1.0.0.0, Culture=neutral, PublicKeyToken=null" name="Set_cell_pointTest" />
    </UnitTest>
    <UnitTest name="CellConstructorTest" storage="c:\users\garrison\documents\github\cs300project\cs300projectviewtest\bin\debug\cs300projectviewtest.dll" id="fc25ed40-d4ee-570c-ca39-a0a08e9d1571">
      <Execution id="3b7af82c-8141-486b-a7bb-2a8da2ae75ae" />
      <TestMethod codeBase="C:/Users/garrison/Documents/GitHub/CS300Project/CS300ProjectViewTest/bin/Debug/CS300ProjectViewTest.DLL" adapterTypeName="Microsoft.VisualStudio.TestTools.TestTypes.Unit.UnitTestAdapter, Microsoft.VisualStudio.QualityTools.Tips.UnitTest.Adapter, Version=10.0.0.0, Culture=neutral, PublicKeyToken=b03f5f7f11d50a3a" className="CS300ProjectViewTest.CellTest, CS300ProjectViewTest, Version=1.0.0.0, Culture=neutral, PublicKeyToken=null" name="CellConstructorTest" />
    </UnitTest>
  </TestDefinitions>
  <TestLists>
    <TestList name="Results Not in a List" id="8c84fa94-04c1-424b-9868-57a2d4851a1d" />
    <TestList name="All Loaded Results" id="19431567-8539-422a-85d7-44ee4e166bda" />
  </TestLists>
  <TestEntries>
    <TestEntry testId="19bdc42e-3a54-e41c-bd46-d9915a1fe80b" executionId="164e1f1c-760e-4dbb-8555-5143170d5888" testListId="8c84fa94-04c1-424b-9868-57a2d4851a1d" />
    <TestEntry testId="3581dcbe-8baa-8c87-c3e4-15191cb358c5" executionId="6781192c-ae89-4907-803a-c89791868364" testListId="8c84fa94-04c1-424b-9868-57a2d4851a1d" />
    <TestEntry testId="38133432-b7db-ce3d-417f-dec7cc82fedc" executionId="6de770c9-0b24-48ec-9b4e-1f49a644eaa0" testListId="8c84fa94-04c1-424b-9868-57a2d4851a1d" />
    <TestEntry testId="7687dcac-562c-6824-d040-9262743521cf" executionId="c48af865-fe51-4982-bd3b-99be6b1ad123" testListId="8c84fa94-04c1-424b-9868-57a2d4851a1d" />
    <TestEntry testId="9725064f-6793-375f-1fac-9cd3a772314f" executionId="28814a48-9676-4024-9b2e-0b48cd094e63" testListId="8c84fa94-04c1-424b-9868-57a2d4851a1d" />
    <TestEntry testId="a3d35237-8855-2cd2-2fb3-360b4dfeaba6" executionId="8c111def-e94c-4985-be8e-b37bf4e06b8b" testListId="8c84fa94-04c1-424b-9868-57a2d4851a1d" />
    <TestEntry testId="d7dc7fa7-adf9-d9cf-5dbe-94d03b788882" executionId="36d8c392-0753-4cb0-9f18-7a19fc5d01f4" testListId="8c84fa94-04c1-424b-9868-57a2d4851a1d" />
    <TestEntry testId="f157125a-b68a-d4a0-77f0-fbf3d8cadfbd" executionId="2bc93f7b-f23a-49a3-94fa-e1c5be927beb" testListId="8c84fa94-04c1-424b-9868-57a2d4851a1d" />
    <TestEntry testId="fc25ed40-d4ee-570c-ca39-a0a08e9d1571" executionId="3b7af82c-8141-486b-a7bb-2a8da2ae75ae" testListId="8c84fa94-04c1-424b-9868-57a2d4851a1d" />
  </TestEntries>
  <Results>
    <UnitTestResult executionId="164e1f1c-760e-4dbb-8555-5143170d5888" testId="19bdc42e-3a54-e41c-bd46-d9915a1fe80b" testName="Set_cell_pointTest" computerName="G-WINDOWS" duration="00:00:00.0203919" startTime="2013-08-25T10:26:46.6185612-07:00" endTime="2013-08-25T10:26:47.1185791-07:00" testType="13cdc9d9-ddb5-4fa4-a97d-d965ccfc6d4b" outcome="Passed" testListId="8c84fa94-04c1-424b-9868-57a2d4851a1d" relativeResultsDirectory="164e1f1c-760e-4dbb-8555-5143170d5888">
    </UnitTestResult>
    <UnitTestResult executionId="6781192c-ae89-4907-803a-c89791868364" testId="3581dcbe-8baa-8c87-c3e4-15191cb358c5" testName="get_set_toxicityTest" computerName="G-WINDOWS" duration="00:00:00.0011216" startTime="2013-08-25T10:26:47.1185791-07:00" endTime="2013-08-25T10:26:47.1342039-07:00" testType="13cdc9d9-ddb5-4fa4-a97d-d965ccfc6d4b" outcome="Passed" testListId="8c84fa94-04c1-424b-9868-57a2d4851a1d" relativeResultsDirectory="6781192c-ae89-4907-803a-c89791868364">
    </UnitTestResult>
    <UnitTestResult executionId="6de770c9-0b24-48ec-9b4e-1f49a644eaa0" testId="38133432-b7db-ce3d-417f-dec7cc82fedc" testName="Planet_stateConstructorTest" computerName="G-WINDOWS" duration="00:00:00.0016920" startTime="2013-08-25T10:26:47.1342039-07:00" endTime="2013-08-25T10:26:47.1342039-07:00" testType="13cdc9d9-ddb5-4fa4-a97d-d965ccfc6d4b" outcome="Passed" testListId="8c84fa94-04c1-424b-9868-57a2d4851a1d" relativeResultsDirectory="6de770c9-0b24-48ec-9b4e-1f49a644eaa0">
    </UnitTestResult>
    <UnitTestResult executionId="c48af865-fe51-4982-bd3b-99be6b1ad123" testId="7687dcac-562c-6824-d040-9262743521cf" testName="Planet_state_minesTest" computerName="G-WINDOWS" duration="00:00:00.0726445" startTime="2013-08-25T10:26:47.1498294-07:00" endTime="2013-08-25T10:26:47.2279724-07:00" testType="13cdc9d9-ddb5-4fa4-a97d-d965ccfc6d4b" outcome="Passed" testListId="8c84fa94-04c1-424b-9868-57a2d4851a1d" relativeResultsDirectory="c48af865-fe51-4982-bd3b-99be6b1ad123">
    </UnitTestResult>
    <UnitTestResult executionId="28814a48-9676-4024-9b2e-0b48cd094e63" testId="9725064f-6793-375f-1fac-9cd3a772314f" testName="CloneTest" computerName="G-WINDOWS" duration="00:00:00.0004626" startTime="2013-08-25T10:26:47.2279724-07:00" endTime="2013-08-25T10:26:47.2279724-07:00" testType="13cdc9d9-ddb5-4fa4-a97d-d965ccfc6d4b" outcome="Passed" testListId="8c84fa94-04c1-424b-9868-57a2d4851a1d" relativeResultsDirectory="28814a48-9676-4024-9b2e-0b48cd094e63">
    </UnitTestResult>
    <UnitTestResult executionId="8c111def-e94c-4985-be8e-b37bf4e06b8b" testId="a3d35237-8855-2cd2-2fb3-360b4dfeaba6" testName="add_mine_to_mapTest" computerName="G-WINDOWS" duration="00:00:00.0056407" startTime="2013-08-25T10:26:47.2748677-07:00" endTime="2013-08-25T10:26:47.3060940-07:00" testType="13cdc9d9-ddb5-4fa4-a97d-d965ccfc6d4b" outcome="Passed" testListId="8c84fa94-04c1-424b-9868-57a2d4851a1d" relativeResultsDirectory="8c111def-e94c-4985-be8e-b37bf4e06b8b">
    </UnitTestResult>
    <UnitTestResult executionId="36d8c392-0753-4cb0-9f18-7a19fc5d01f4" testId="d7dc7fa7-adf9-d9cf-5dbe-94d03b788882" testName="MapConstructorTest" computerName="G-WINDOWS" duration="00:00:00.0002906" startTime="2013-08-25T10:26:47.3060940-07:00" endTime="2013-08-25T10:26:47.3217139-07:00" testType="13cdc9d9-ddb5-4fa4-a97d-d965ccfc6d4b" outcome="Passed" testListId="8c84fa94-04c1-424b-9868-57a2d4851a1d" relativeResultsDirectory="36d8c392-0753-4cb0-9f18-7a19fc5d01f4">
    </UnitTestResult>
    <UnitTestResult executionId="2bc93f7b-f23a-49a3-94fa-e1c5be927beb" testId="f157125a-b68a-d4a0-77f0-fbf3d8cadfbd" testName="MineConstructorTest" computerName="G-WINDOWS" duration="00:00:00.0001586" startTime="2013-08-25T10:26:47.3217139-07:00" endTime="2013-08-25T10:26:47.3373413-07:00" testType="13cdc9d9-ddb5-4fa4-a97d-d965ccfc6d4b" outcome="Passed" testListId="8c84fa94-04c1-424b-9868-57a2d4851a1d" relativeResultsDirectory="2bc93f7b-f23a-49a3-94fa-e1c5be927beb">
    </UnitTestResult>
    <UnitTestResult executionId="3b7af82c-8141-486b-a7bb-2a8da2ae75ae" testId="fc25ed40-d4ee-570c-ca39-a0a08e9d1571" testName="CellConstructorTest" computerName="G-WINDOWS" duration="00:00:00.0001575" startTime="2013-08-25T10:26:47.3373413-07:00" endTime="2013-08-25T10:26:47.3373413-07:00" testType="13cdc9d9-ddb5-4fa4-a97d-d965ccfc6d4b" outcome="Passed" testListId="8c84fa94-04c1-424b-9868-57a2d4851a1d" relativeResultsDirectory="3b7af82c-8141-486b-a7bb-2a8da2ae75ae">
    </UnitTestResult>
  </Results>
</TestRun>