<?xml version="1.0" encoding="UTF-8"?>
<TestRun id="4a22f416-ae4a-4c47-9483-0db025515b8b" name="garrison@G-WINDOWS 2013-08-22 20:34:31" runUser="G-WINDOWS\garrison" xmlns="http://microsoft.com/schemas/VisualStudio/TeamTest/2010">
  <TestSettings name="Local" id="f6851c21-966a-48c1-af06-15e67995672b">
    <Description>These are default test settings for a local test run.</Description>
    <Deployment enabled="false" runDeploymentRoot="garrison_G-WINDOWS 2013-08-22 20_34_31">
      <DeploymentItem filename="C:\Users\garrison\Documents\GitHub\CS300Project\cs_300_ampla_project\bin\Debug\cs_300_ampla_project.exe" />
    </Deployment>
    <Execution>
      <TestTypeSpecific />
      <AgentRule name="Execution Agents">
      </AgentRule>
    </Execution>
  </TestSettings>
  <Times creation="2013-08-22T20:34:31.0629048-07:00" queuing="2013-08-22T20:34:31.2660369-07:00" start="2013-08-22T20:34:31.2972883-07:00" finish="2013-08-22T20:34:31.7035545-07:00" />
  <ResultSummary outcome="Failed">
    <Counters total="9" executed="9" passed="8" error="0" failed="1" timeout="0" aborted="0" inconclusive="0" passedButRunAborted="0" notRunnable="0" notExecuted="0" disconnected="0" warning="0" completed="0" inProgress="0" pending="0" />
  </ResultSummary>
  <TestDefinitions>
    <UnitTest name="add_mine_to_mapTest" storage="c:\users\garrison\documents\github\cs300project\cs300projectviewtest\bin\debug\cs300projectviewtest.dll" id="a3d35237-8855-2cd2-2fb3-360b4dfeaba6">
      <Execution id="6ac6a768-7acb-465b-a77f-08e818e754eb" />
      <TestMethod codeBase="C:/Users/garrison/Documents/GitHub/CS300Project/CS300ProjectViewTest/bin/Debug/CS300ProjectViewTest.DLL" adapterTypeName="Microsoft.VisualStudio.TestTools.TestTypes.Unit.UnitTestAdapter, Microsoft.VisualStudio.QualityTools.Tips.UnitTest.Adapter, Version=10.0.0.0, Culture=neutral, PublicKeyToken=b03f5f7f11d50a3a" className="CS300ProjectViewTest.MapTest, CS300ProjectViewTest, Version=1.0.0.0, Culture=neutral, PublicKeyToken=null" name="add_mine_to_mapTest" />
    </UnitTest>
    <UnitTest name="Planet_state_minesTest" storage="c:\users\garrison\documents\github\cs300project\cs300projectviewtest\bin\debug\cs300projectviewtest.dll" id="7687dcac-562c-6824-d040-9262743521cf">
      <Execution id="c032544b-4c4e-439f-afa0-c076e9371d75" />
      <TestMethod codeBase="C:/Users/garrison/Documents/GitHub/CS300Project/CS300ProjectViewTest/bin/Debug/CS300ProjectViewTest.DLL" adapterTypeName="Microsoft.VisualStudio.TestTools.TestTypes.Unit.UnitTestAdapter, Microsoft.VisualStudio.QualityTools.Tips.UnitTest.Adapter, Version=10.0.0.0, Culture=neutral, PublicKeyToken=b03f5f7f11d50a3a" className="CS300ProjectViewTest.Planet_stateTest, CS300ProjectViewTest, Version=1.0.0.0, Culture=neutral, PublicKeyToken=null" name="Planet_state_minesTest" />
    </UnitTest>
    <UnitTest name="Planet_stateConstructorTest" storage="c:\users\garrison\documents\github\cs300project\cs300projectviewtest\bin\debug\cs300projectviewtest.dll" id="38133432-b7db-ce3d-417f-dec7cc82fedc">
      <Execution id="3777628e-bc4c-478a-82fe-cc1343483205" />
      <TestMethod codeBase="C:/Users/garrison/Documents/GitHub/CS300Project/CS300ProjectViewTest/bin/Debug/CS300ProjectViewTest.DLL" adapterTypeName="Microsoft.VisualStudio.TestTools.TestTypes.Unit.UnitTestAdapter, Microsoft.VisualStudio.QualityTools.Tips.UnitTest.Adapter, Version=10.0.0.0, Culture=neutral, PublicKeyToken=b03f5f7f11d50a3a" className="CS300ProjectViewTest.Planet_stateTest, CS300ProjectViewTest, Version=1.0.0.0, Culture=neutral, PublicKeyToken=null" name="Planet_stateConstructorTest" />
    </UnitTest>
    <UnitTest name="get_set_toxicityTest" storage="c:\users\garrison\documents\github\cs300project\cs300projectviewtest\bin\debug\cs300projectviewtest.dll" id="3581dcbe-8baa-8c87-c3e4-15191cb358c5">
      <Execution id="7f41ae4d-7468-401d-af9d-295ce32410bf" />
      <TestMethod codeBase="C:/Users/garrison/Documents/GitHub/CS300Project/CS300ProjectViewTest/bin/Debug/CS300ProjectViewTest.DLL" adapterTypeName="Microsoft.VisualStudio.TestTools.TestTypes.Unit.UnitTestAdapter, Microsoft.VisualStudio.QualityTools.Tips.UnitTest.Adapter, Version=10.0.0.0, Culture=neutral, PublicKeyToken=b03f5f7f11d50a3a" className="CS300ProjectViewTest.MineTest, CS300ProjectViewTest, Version=1.0.0.0, Culture=neutral, PublicKeyToken=null" name="get_set_toxicityTest" />
    </UnitTest>
    <UnitTest name="CloneTest" storage="c:\users\garrison\documents\github\cs300project\cs300projectviewtest\bin\debug\cs300projectviewtest.dll" id="9725064f-6793-375f-1fac-9cd3a772314f">
      <Execution id="075f0035-d25d-46ce-9915-ecaf213503a7" />
      <TestMethod codeBase="C:/Users/garrison/Documents/GitHub/CS300Project/CS300ProjectViewTest/bin/Debug/CS300ProjectViewTest.DLL" adapterTypeName="Microsoft.VisualStudio.TestTools.TestTypes.Unit.UnitTestAdapter, Microsoft.VisualStudio.QualityTools.Tips.UnitTest.Adapter, Version=10.0.0.0, Culture=neutral, PublicKeyToken=b03f5f7f11d50a3a" className="CS300ProjectViewTest.CellTest, CS300ProjectViewTest, Version=1.0.0.0, Culture=neutral, PublicKeyToken=null" name="CloneTest" />
    </UnitTest>
    <UnitTest name="MineConstructorTest" storage="c:\users\garrison\documents\github\cs300project\cs300projectviewtest\bin\debug\cs300projectviewtest.dll" id="f157125a-b68a-d4a0-77f0-fbf3d8cadfbd">
      <Execution id="1c2d8c84-f2a0-4456-bcc0-cb58349719e1" />
      <TestMethod codeBase="C:/Users/garrison/Documents/GitHub/CS300Project/CS300ProjectViewTest/bin/Debug/CS300ProjectViewTest.DLL" adapterTypeName="Microsoft.VisualStudio.TestTools.TestTypes.Unit.UnitTestAdapter, Microsoft.VisualStudio.QualityTools.Tips.UnitTest.Adapter, Version=10.0.0.0, Culture=neutral, PublicKeyToken=b03f5f7f11d50a3a" className="CS300ProjectViewTest.MineTest, CS300ProjectViewTest, Version=1.0.0.0, Culture=neutral, PublicKeyToken=null" name="MineConstructorTest" />
    </UnitTest>
    <UnitTest name="MapConstructorTest" storage="c:\users\garrison\documents\github\cs300project\cs300projectviewtest\bin\debug\cs300projectviewtest.dll" id="d7dc7fa7-adf9-d9cf-5dbe-94d03b788882">
      <Execution id="7a884320-0893-485d-aead-3b5b70df1a12" />
      <TestMethod codeBase="C:/Users/garrison/Documents/GitHub/CS300Project/CS300ProjectViewTest/bin/Debug/CS300ProjectViewTest.DLL" adapterTypeName="Microsoft.VisualStudio.TestTools.TestTypes.Unit.UnitTestAdapter, Microsoft.VisualStudio.QualityTools.Tips.UnitTest.Adapter, Version=10.0.0.0, Culture=neutral, PublicKeyToken=b03f5f7f11d50a3a" className="CS300ProjectViewTest.MapTest, CS300ProjectViewTest, Version=1.0.0.0, Culture=neutral, PublicKeyToken=null" name="MapConstructorTest" />
    </UnitTest>
    <UnitTest name="Set_cell_pointTest" storage="c:\users\garrison\documents\github\cs300project\cs300projectviewtest\bin\debug\cs300projectviewtest.dll" id="19bdc42e-3a54-e41c-bd46-d9915a1fe80b">
      <Execution id="d2694ff1-2c1e-4bff-90e2-d6f95e189cbe" />
      <TestMethod codeBase="C:/Users/garrison/Documents/GitHub/CS300Project/CS300ProjectViewTest/bin/Debug/CS300ProjectViewTest.DLL" adapterTypeName="Microsoft.VisualStudio.TestTools.TestTypes.Unit.UnitTestAdapter, Microsoft.VisualStudio.QualityTools.Tips.UnitTest.Adapter, Version=10.0.0.0, Culture=neutral, PublicKeyToken=b03f5f7f11d50a3a" className="CS300ProjectViewTest.CellTest, CS300ProjectViewTest, Version=1.0.0.0, Culture=neutral, PublicKeyToken=null" name="Set_cell_pointTest" />
    </UnitTest>
    <UnitTest name="CellConstructorTest" storage="c:\users\garrison\documents\github\cs300project\cs300projectviewtest\bin\debug\cs300projectviewtest.dll" id="fc25ed40-d4ee-570c-ca39-a0a08e9d1571">
      <Execution id="9b52994c-5389-4e15-be23-24471a4d6412" />
      <TestMethod codeBase="C:/Users/garrison/Documents/GitHub/CS300Project/CS300ProjectViewTest/bin/Debug/CS300ProjectViewTest.DLL" adapterTypeName="Microsoft.VisualStudio.TestTools.TestTypes.Unit.UnitTestAdapter, Microsoft.VisualStudio.QualityTools.Tips.UnitTest.Adapter, Version=10.0.0.0, Culture=neutral, PublicKeyToken=b03f5f7f11d50a3a" className="CS300ProjectViewTest.CellTest, CS300ProjectViewTest, Version=1.0.0.0, Culture=neutral, PublicKeyToken=null" name="CellConstructorTest" />
    </UnitTest>
  </TestDefinitions>
  <TestLists>
    <TestList name="Results Not in a List" id="8c84fa94-04c1-424b-9868-57a2d4851a1d" />
    <TestList name="All Loaded Results" id="19431567-8539-422a-85d7-44ee4e166bda" />
  </TestLists>
  <TestEntries>
    <TestEntry testId="19bdc42e-3a54-e41c-bd46-d9915a1fe80b" executionId="d2694ff1-2c1e-4bff-90e2-d6f95e189cbe" testListId="8c84fa94-04c1-424b-9868-57a2d4851a1d" />
    <TestEntry testId="3581dcbe-8baa-8c87-c3e4-15191cb358c5" executionId="7f41ae4d-7468-401d-af9d-295ce32410bf" testListId="8c84fa94-04c1-424b-9868-57a2d4851a1d" />
    <TestEntry testId="38133432-b7db-ce3d-417f-dec7cc82fedc" executionId="3777628e-bc4c-478a-82fe-cc1343483205" testListId="8c84fa94-04c1-424b-9868-57a2d4851a1d" />
    <TestEntry testId="7687dcac-562c-6824-d040-9262743521cf" executionId="c032544b-4c4e-439f-afa0-c076e9371d75" testListId="8c84fa94-04c1-424b-9868-57a2d4851a1d" />
    <TestEntry testId="9725064f-6793-375f-1fac-9cd3a772314f" executionId="075f0035-d25d-46ce-9915-ecaf213503a7" testListId="8c84fa94-04c1-424b-9868-57a2d4851a1d" />
    <TestEntry testId="a3d35237-8855-2cd2-2fb3-360b4dfeaba6" executionId="6ac6a768-7acb-465b-a77f-08e818e754eb" testListId="8c84fa94-04c1-424b-9868-57a2d4851a1d" />
    <TestEntry testId="d7dc7fa7-adf9-d9cf-5dbe-94d03b788882" executionId="7a884320-0893-485d-aead-3b5b70df1a12" testListId="8c84fa94-04c1-424b-9868-57a2d4851a1d" />
    <TestEntry testId="f157125a-b68a-d4a0-77f0-fbf3d8cadfbd" executionId="1c2d8c84-f2a0-4456-bcc0-cb58349719e1" testListId="8c84fa94-04c1-424b-9868-57a2d4851a1d" />
    <TestEntry testId="fc25ed40-d4ee-570c-ca39-a0a08e9d1571" executionId="9b52994c-5389-4e15-be23-24471a4d6412" testListId="8c84fa94-04c1-424b-9868-57a2d4851a1d" />
  </TestEntries>
  <Results>
    <UnitTestResult executionId="d2694ff1-2c1e-4bff-90e2-d6f95e189cbe" testId="19bdc42e-3a54-e41c-bd46-d9915a1fe80b" testName="Set_cell_pointTest" computerName="G-WINDOWS" duration="00:00:00.0138383" startTime="2013-08-22T20:34:31.3441646-07:00" endTime="2013-08-22T20:34:31.5472967-07:00" testType="13cdc9d9-ddb5-4fa4-a97d-d965ccfc6d4b" outcome="Passed" testListId="8c84fa94-04c1-424b-9868-57a2d4851a1d" relativeResultsDirectory="d2694ff1-2c1e-4bff-90e2-d6f95e189cbe">
    </UnitTestResult>
    <UnitTestResult executionId="7f41ae4d-7468-401d-af9d-295ce32410bf" testId="3581dcbe-8baa-8c87-c3e4-15191cb358c5" testName="get_set_toxicityTest" computerName="G-WINDOWS" duration="00:00:00.0012830" startTime="2013-08-22T20:34:31.5472967-07:00" endTime="2013-08-22T20:34:31.5629226-07:00" testType="13cdc9d9-ddb5-4fa4-a97d-d965ccfc6d4b" outcome="Passed" testListId="8c84fa94-04c1-424b-9868-57a2d4851a1d" relativeResultsDirectory="7f41ae4d-7468-401d-af9d-295ce32410bf">
    </UnitTestResult>
    <UnitTestResult executionId="3777628e-bc4c-478a-82fe-cc1343483205" testId="38133432-b7db-ce3d-417f-dec7cc82fedc" testName="Planet_stateConstructorTest" computerName="G-WINDOWS" duration="00:00:00.0015702" startTime="2013-08-22T20:34:31.5629226-07:00" endTime="2013-08-22T20:34:31.5629226-07:00" testType="13cdc9d9-ddb5-4fa4-a97d-d965ccfc6d4b" outcome="Passed" testListId="8c84fa94-04c1-424b-9868-57a2d4851a1d" relativeResultsDirectory="3777628e-bc4c-478a-82fe-cc1343483205">
    </UnitTestResult>
    <UnitTestResult executionId="c032544b-4c4e-439f-afa0-c076e9371d75" testId="7687dcac-562c-6824-d040-9262743521cf" testName="Planet_state_minesTest" computerName="G-WINDOWS" duration="00:00:00.0509018" startTime="2013-08-22T20:34:31.5629226-07:00" endTime="2013-08-22T20:34:31.6254595-07:00" testType="13cdc9d9-ddb5-4fa4-a97d-d965ccfc6d4b" outcome="Passed" testListId="8c84fa94-04c1-424b-9868-57a2d4851a1d" relativeResultsDirectory="c032544b-4c4e-439f-afa0-c076e9371d75">
    </UnitTestResult>
    <UnitTestResult executionId="075f0035-d25d-46ce-9915-ecaf213503a7" testId="9725064f-6793-375f-1fac-9cd3a772314f" testName="CloneTest" computerName="G-WINDOWS" duration="00:00:00.0002743" startTime="2013-08-22T20:34:31.6254595-07:00" endTime="2013-08-22T20:34:31.6254595-07:00" testType="13cdc9d9-ddb5-4fa4-a97d-d965ccfc6d4b" outcome="Passed" testListId="8c84fa94-04c1-424b-9868-57a2d4851a1d" relativeResultsDirectory="075f0035-d25d-46ce-9915-ecaf213503a7">
    </UnitTestResult>
    <UnitTestResult executionId="6ac6a768-7acb-465b-a77f-08e818e754eb" testId="a3d35237-8855-2cd2-2fb3-360b4dfeaba6" testName="add_mine_to_mapTest" computerName="G-WINDOWS" duration="00:00:00.0232676" startTime="2013-08-22T20:34:31.6254595-07:00" endTime="2013-08-22T20:34:31.6566786-07:00" testType="13cdc9d9-ddb5-4fa4-a97d-d965ccfc6d4b" outcome="Failed" testListId="8c84fa94-04c1-424b-9868-57a2d4851a1d" relativeResultsDirectory="6ac6a768-7acb-465b-a77f-08e818e754eb">
      <Output>
        <ErrorInfo>
          <Message>Assert.Fail failed. Assert.Equals should not be used for Assertions. Please use Assert.AreEqual &amp; overloads instead.</Message>
          <StackTrace>   at CS300ProjectViewTest.MapTest.add_mine_to_mapTest() in C:\Users\garrison\Documents\GitHub\CS300Project\CS300ProjectViewTest\MapTest.vb:line 89
</StackTrace>
        </ErrorInfo>
      </Output>
    </UnitTestResult>
    <UnitTestResult executionId="7a884320-0893-485d-aead-3b5b70df1a12" testId="d7dc7fa7-adf9-d9cf-5dbe-94d03b788882" testName="MapConstructorTest" computerName="G-WINDOWS" duration="00:00:00.0001700" startTime="2013-08-22T20:34:31.6566786-07:00" endTime="2013-08-22T20:34:31.6566786-07:00" testType="13cdc9d9-ddb5-4fa4-a97d-d965ccfc6d4b" outcome="Passed" testListId="8c84fa94-04c1-424b-9868-57a2d4851a1d" relativeResultsDirectory="7a884320-0893-485d-aead-3b5b70df1a12">
    </UnitTestResult>
    <UnitTestResult executionId="1c2d8c84-f2a0-4456-bcc0-cb58349719e1" testId="f157125a-b68a-d4a0-77f0-fbf3d8cadfbd" testName="MineConstructorTest" computerName="G-WINDOWS" duration="00:00:00.0001521" startTime="2013-08-22T20:34:31.6566786-07:00" endTime="2013-08-22T20:34:31.6566786-07:00" testType="13cdc9d9-ddb5-4fa4-a97d-d965ccfc6d4b" outcome="Passed" testListId="8c84fa94-04c1-424b-9868-57a2d4851a1d" relativeResultsDirectory="1c2d8c84-f2a0-4456-bcc0-cb58349719e1">
    </UnitTestResult>
    <UnitTestResult executionId="9b52994c-5389-4e15-be23-24471a4d6412" testId="fc25ed40-d4ee-570c-ca39-a0a08e9d1571" testName="CellConstructorTest" computerName="G-WINDOWS" duration="00:00:00.0001537" startTime="2013-08-22T20:34:31.6723011-07:00" endTime="2013-08-22T20:34:31.6723011-07:00" testType="13cdc9d9-ddb5-4fa4-a97d-d965ccfc6d4b" outcome="Passed" testListId="8c84fa94-04c1-424b-9868-57a2d4851a1d" relativeResultsDirectory="9b52994c-5389-4e15-be23-24471a4d6412">
    </UnitTestResult>
  </Results>
</TestRun>