<?xml version="1.0" encoding="UTF-8"?>
<TestRun id="4926f925-177c-426a-8046-3869778e17ef" name="garrison@G-WINDOWS 2013-08-22 20:20:34" runUser="G-WINDOWS\garrison" xmlns="http://microsoft.com/schemas/VisualStudio/TeamTest/2010">
  <TestSettings name="Local" id="f6851c21-966a-48c1-af06-15e67995672b">
    <Description>These are default test settings for a local test run.</Description>
    <Deployment userDeploymentRoot="C:\Users\garrison\Documents\GitHub\CS300Project\TestResults" useDefaultDeploymentRoot="false" enabled="false" runDeploymentRoot="garrison_G-WINDOWS 2013-08-22 20_20_34">
      <DeploymentItem filename="C:\Users\garrison\Documents\GitHub\CS300Project\cs_300_ampla_project\bin\Debug\cs_300_ampla_project.exe" />
    </Deployment>
    <Execution>
      <TestTypeSpecific />
      <AgentRule name="Execution Agents">
      </AgentRule>
    </Execution>
  </TestSettings>
  <Times creation="2013-08-22T20:20:34.7035571-07:00" queuing="2013-08-22T20:20:35.9848501-07:00" start="2013-08-22T20:20:36.0786041-07:00" finish="2013-08-22T20:21:03.4119134-07:00" />
  <ResultSummary outcome="Error">
    <Counters total="3" executed="1" error="0" failed="0" timeout="0" aborted="1" inconclusive="0" passedButRunAborted="0" notRunnable="0" notExecuted="2" disconnected="0" warning="0" passed="0" completed="0" inProgress="0" pending="0" />
    <RunInfos>
      <RunInfo computerName="G-WINDOWS" outcome="Error" timestamp="2013-08-22T20:21:03.4119134-07:00">
        <Text>Test host process exited unexpectedly.</Text>
      </RunInfo>
    </RunInfos>
  </ResultSummary>
  <TestDefinitions>
    <UnitTest name="add_mine_to_mapTest" storage="c:\users\garrison\documents\github\cs300project\cs300projectviewtest\bin\debug\cs300projectviewtest.dll" id="a3d35237-8855-2cd2-2fb3-360b4dfeaba6">
      <Execution id="47a9f3fa-1200-4195-b6a5-c1a25de0768a" />
      <TestMethod codeBase="C:/Users/garrison/Documents/GitHub/CS300Project/CS300ProjectViewTest/bin/Debug/CS300ProjectViewTest.DLL" adapterTypeName="Microsoft.VisualStudio.TestTools.TestTypes.Unit.UnitTestAdapter, Microsoft.VisualStudio.QualityTools.Tips.UnitTest.Adapter, Version=10.0.0.0, Culture=neutral, PublicKeyToken=b03f5f7f11d50a3a" className="CS300ProjectViewTest.MapTest, CS300ProjectViewTest, Version=1.0.0.0, Culture=neutral, PublicKeyToken=null" name="add_mine_to_mapTest" />
    </UnitTest>
    <UnitTest name="CloneTest" storage="c:\users\garrison\documents\github\cs300project\cs300projectviewtest\bin\debug\cs300projectviewtest.dll" id="9725064f-6793-375f-1fac-9cd3a772314f">
      <Execution id="c470008e-e89b-4446-8b93-d02d9be62ead" />
      <TestMethod codeBase="C:/Users/garrison/Documents/GitHub/CS300Project/CS300ProjectViewTest/bin/Debug/CS300ProjectViewTest.DLL" adapterTypeName="Microsoft.VisualStudio.TestTools.TestTypes.Unit.UnitTestAdapter, Microsoft.VisualStudio.QualityTools.Tips.UnitTest.Adapter, Version=10.0.0.0, Culture=neutral, PublicKeyToken=b03f5f7f11d50a3a" className="CS300ProjectViewTest.CellTest, CS300ProjectViewTest, Version=1.0.0.0, Culture=neutral, PublicKeyToken=null" name="CloneTest" />
    </UnitTest>
    <UnitTest name="Planet_state_minesTest" storage="c:\users\garrison\documents\github\cs300project\cs300projectviewtest\bin\debug\cs300projectviewtest.dll" id="7687dcac-562c-6824-d040-9262743521cf">
      <Execution id="882fc61e-fc20-4ac5-8f50-e2634221eb12" />
      <TestMethod codeBase="C:/Users/garrison/Documents/GitHub/CS300Project/CS300ProjectViewTest/bin/Debug/CS300ProjectViewTest.DLL" adapterTypeName="Microsoft.VisualStudio.TestTools.TestTypes.Unit.UnitTestAdapter, Microsoft.VisualStudio.QualityTools.Tips.UnitTest.Adapter, Version=10.0.0.0, Culture=neutral, PublicKeyToken=b03f5f7f11d50a3a" className="CS300ProjectViewTest.Planet_stateTest, CS300ProjectViewTest, Version=1.0.0.0, Culture=neutral, PublicKeyToken=null" name="Planet_state_minesTest" />
    </UnitTest>
  </TestDefinitions>
  <TestLists>
    <TestList name="Results Not in a List" id="8c84fa94-04c1-424b-9868-57a2d4851a1d" />
    <TestList name="All Loaded Results" id="19431567-8539-422a-85d7-44ee4e166bda" />
  </TestLists>
  <TestEntries>
    <TestEntry testId="7687dcac-562c-6824-d040-9262743521cf" executionId="882fc61e-fc20-4ac5-8f50-e2634221eb12" testListId="8c84fa94-04c1-424b-9868-57a2d4851a1d" />
    <TestEntry testId="a3d35237-8855-2cd2-2fb3-360b4dfeaba6" executionId="47a9f3fa-1200-4195-b6a5-c1a25de0768a" testListId="8c84fa94-04c1-424b-9868-57a2d4851a1d" />
    <TestEntry testId="9725064f-6793-375f-1fac-9cd3a772314f" executionId="c470008e-e89b-4446-8b93-d02d9be62ead" testListId="8c84fa94-04c1-424b-9868-57a2d4851a1d" />
  </TestEntries>
  <Results>
    <UnitTestResult executionId="882fc61e-fc20-4ac5-8f50-e2634221eb12" testId="7687dcac-562c-6824-d040-9262743521cf" testName="Planet_state_minesTest" computerName="G-WINDOWS" duration="00:00:27.2083057" startTime="2013-08-22T20:20:36.2036077-07:00" endTime="2013-08-22T20:21:03.4119134-07:00" testType="13cdc9d9-ddb5-4fa4-a97d-d965ccfc6d4b" outcome="Aborted" testListId="8c84fa94-04c1-424b-9868-57a2d4851a1d" relativeResultsDirectory="882fc61e-fc20-4ac5-8f50-e2634221eb12">
    </UnitTestResult>
    <UnitTestResult executionId="47a9f3fa-1200-4195-b6a5-c1a25de0768a" testId="a3d35237-8855-2cd2-2fb3-360b4dfeaba6" testName="add_mine_to_mapTest" computerName="G-WINDOWS" testType="13cdc9d9-ddb5-4fa4-a97d-d965ccfc6d4b" outcome="NotExecuted" testListId="8c84fa94-04c1-424b-9868-57a2d4851a1d" relativeResultsDirectory="47a9f3fa-1200-4195-b6a5-c1a25de0768a">
    </UnitTestResult>
    <UnitTestResult executionId="c470008e-e89b-4446-8b93-d02d9be62ead" testId="9725064f-6793-375f-1fac-9cd3a772314f" testName="CloneTest" computerName="G-WINDOWS" testType="13cdc9d9-ddb5-4fa4-a97d-d965ccfc6d4b" outcome="NotExecuted" testListId="8c84fa94-04c1-424b-9868-57a2d4851a1d" relativeResultsDirectory="c470008e-e89b-4446-8b93-d02d9be62ead">
    </UnitTestResult>
  </Results>
</TestRun>