<?xml version="1.0" encoding="UTF-8"?>
<TestRun id="a93b8395-d957-49a6-a1e1-c1b9bab85fff" name="garrison@G-WINDOWS 2013-08-22 20:36:20" runUser="G-WINDOWS\garrison" xmlns="http://microsoft.com/schemas/VisualStudio/TeamTest/2010">
  <TestSettings name="Local" id="f6851c21-966a-48c1-af06-15e67995672b">
    <Description>These are default test settings for a local test run.</Description>
    <Deployment userDeploymentRoot="C:\Users\garrison\Documents\GitHub\CS300Project\TestResults" useDefaultDeploymentRoot="false" enabled="false" runDeploymentRoot="garrison_G-WINDOWS 2013-08-22 20_36_20">
      <DeploymentItem filename="C:\Users\garrison\Documents\GitHub\CS300Project\cs_300_ampla_project\bin\Debug\cs_300_ampla_project.exe" />
    </Deployment>
    <Execution>
      <TestTypeSpecific />
      <AgentRule name="Execution Agents">
      </AgentRule>
    </Execution>
  </TestSettings>
  <Times creation="2013-08-22T20:36:20.0693628-07:00" queuing="2013-08-22T20:36:21.2725292-07:00" start="2013-08-22T20:36:21.3819053-07:00" finish="2013-08-22T20:36:22.2569519-07:00" />
  <ResultSummary outcome="Completed">
    <Counters total="1" executed="1" passed="1" error="0" failed="0" timeout="0" aborted="0" inconclusive="0" passedButRunAborted="0" notRunnable="0" notExecuted="0" disconnected="0" warning="0" completed="0" inProgress="0" pending="0" />
  </ResultSummary>
  <TestDefinitions>
    <UnitTest name="add_mine_to_mapTest" storage="c:\users\garrison\documents\github\cs300project\cs300projectviewtest\bin\debug\cs300projectviewtest.dll" id="a3d35237-8855-2cd2-2fb3-360b4dfeaba6">
      <Execution id="9fa6ab0a-b1ad-4483-a886-ac68d76b54c9" />
      <TestMethod codeBase="C:/Users/garrison/Documents/GitHub/CS300Project/CS300ProjectViewTest/bin/Debug/CS300ProjectViewTest.DLL" adapterTypeName="Microsoft.VisualStudio.TestTools.TestTypes.Unit.UnitTestAdapter, Microsoft.VisualStudio.QualityTools.Tips.UnitTest.Adapter, Version=10.0.0.0, Culture=neutral, PublicKeyToken=b03f5f7f11d50a3a" className="CS300ProjectViewTest.MapTest, CS300ProjectViewTest, Version=1.0.0.0, Culture=neutral, PublicKeyToken=null" name="add_mine_to_mapTest" />
    </UnitTest>
  </TestDefinitions>
  <TestLists>
    <TestList name="Results Not in a List" id="8c84fa94-04c1-424b-9868-57a2d4851a1d" />
    <TestList name="All Loaded Results" id="19431567-8539-422a-85d7-44ee4e166bda" />
  </TestLists>
  <TestEntries>
    <TestEntry testId="a3d35237-8855-2cd2-2fb3-360b4dfeaba6" executionId="9fa6ab0a-b1ad-4483-a886-ac68d76b54c9" testListId="8c84fa94-04c1-424b-9868-57a2d4851a1d" />
  </TestEntries>
  <Results>
    <UnitTestResult executionId="9fa6ab0a-b1ad-4483-a886-ac68d76b54c9" testId="a3d35237-8855-2cd2-2fb3-360b4dfeaba6" testName="add_mine_to_mapTest" computerName="G-WINDOWS" duration="00:00:00.0324854" startTime="2013-08-22T20:36:21.4912841-07:00" endTime="2013-08-22T20:36:22.0225531-07:00" testType="13cdc9d9-ddb5-4fa4-a97d-d965ccfc6d4b" outcome="Passed" testListId="8c84fa94-04c1-424b-9868-57a2d4851a1d" relativeResultsDirectory="9fa6ab0a-b1ad-4483-a886-ac68d76b54c9">
    </UnitTestResult>
  </Results>
</TestRun>